2021-09-23 23:13:44 [scrapy.utils.log] INFO: Scrapy 2.5.0 started (bot: readbook)
2021-09-23 23:13:44 [scrapy.utils.log] INFO: Versions: lxml 4.4.2.0, libxml2 2.9.5, cssselect 1.1.0, parsel 1.5.2, w3lib 1.21.0, Twisted 21.7.0, Python 3.7.5 (tags/v3.7.5:5c02a39a0b, Oct 15 2019, 00:11:34) [MSC v.1916 64 bit (AMD64)], pyOpenSSL 20.0.1 (OpenSSL 1.1.1l  24 Aug 2021), cryptography 3.4.8, Platform Windows-10-10.0.17763-SP0
2021-09-23 23:13:44 [scrapy.crawler] INFO: Overridden settings:
{'BOT_NAME': 'readbook',
 'LOG_FILE': 'logo.log',
 'LOG_LEVEL': 'INFO',
 'NEWSPIDER_MODULE': 'readbook.spiders',
 'ROBOTSTXT_OBEY': True,
 'SPIDER_MODULES': ['readbook.spiders']}
2021-09-23 23:13:44 [scrapy.extensions.telnet] INFO: Telnet Password: 177efa461e8fd428
2021-09-23 23:13:44 [scrapy.middleware] INFO: Enabled extensions:
['scrapy.extensions.corestats.CoreStats',
 'scrapy.extensions.telnet.TelnetConsole',
 'scrapy.extensions.logstats.LogStats']
2021-09-23 23:13:44 [scrapy.middleware] INFO: Enabled downloader middlewares:
['scrapy.downloadermiddlewares.robotstxt.RobotsTxtMiddleware',
 'scrapy.downloadermiddlewares.httpauth.HttpAuthMiddleware',
 'scrapy.downloadermiddlewares.downloadtimeout.DownloadTimeoutMiddleware',
 'scrapy.downloadermiddlewares.defaultheaders.DefaultHeadersMiddleware',
 'scrapy.downloadermiddlewares.useragent.UserAgentMiddleware',
 'scrapy.downloadermiddlewares.retry.RetryMiddleware',
 'scrapy.downloadermiddlewares.redirect.MetaRefreshMiddleware',
 'scrapy.downloadermiddlewares.httpcompression.HttpCompressionMiddleware',
 'scrapy.downloadermiddlewares.redirect.RedirectMiddleware',
 'scrapy.downloadermiddlewares.cookies.CookiesMiddleware',
 'scrapy.downloadermiddlewares.httpproxy.HttpProxyMiddleware',
 'scrapy.downloadermiddlewares.stats.DownloaderStats']
2021-09-23 23:13:44 [scrapy.middleware] INFO: Enabled spider middlewares:
['scrapy.spidermiddlewares.httperror.HttpErrorMiddleware',
 'scrapy.spidermiddlewares.offsite.OffsiteMiddleware',
 'scrapy.spidermiddlewares.referer.RefererMiddleware',
 'scrapy.spidermiddlewares.urllength.UrlLengthMiddleware',
 'scrapy.spidermiddlewares.depth.DepthMiddleware']
2021-09-23 23:13:44 [scrapy.middleware] INFO: Enabled item pipelines:
['readbook.pipelines.ReadbookPipeline', 'readbook.pipelines.MysqlPipeline']
2021-09-23 23:13:44 [scrapy.core.engine] INFO: Spider opened
2021-09-23 23:13:44 [scrapy.extensions.logstats] INFO: Crawled 0 pages (at 0 pages/min), scraped 0 items (at 0 items/min)
2021-09-23 23:13:44 [scrapy.extensions.telnet] INFO: Telnet console listening on 127.0.0.1:6023
2021-09-23 23:13:58 [scrapy.core.engine] INFO: Closing spider (finished)
2021-09-23 23:13:58 [scrapy.statscollectors] INFO: Dumping Scrapy stats:
{'downloader/request_bytes': 4070,
 'downloader/request_count': 15,
 'downloader/request_method_count/GET': 15,
 'downloader/response_bytes': 194579,
 'downloader/response_count': 15,
 'downloader/response_status_count/200': 15,
 'elapsed_time_seconds': 13.681379,
 'finish_reason': 'finished',
 'finish_time': datetime.datetime(2021, 9, 23, 15, 13, 58, 126035),
 'httpcompression/response_bytes': 704323,
 'httpcompression/response_count': 15,
 'item_scraped_count': 520,
 'log_count/INFO': 10,
 'request_depth_max': 1,
 'response_received_count': 15,
 'robotstxt/request_count': 1,
 'robotstxt/response_count': 1,
 'robotstxt/response_status_count/200': 1,
 'scheduler/dequeued': 14,
 'scheduler/dequeued/memory': 14,
 'scheduler/enqueued': 14,
 'scheduler/enqueued/memory': 14,
 'start_time': datetime.datetime(2021, 9, 23, 15, 13, 44, 444656)}
2021-09-23 23:13:58 [scrapy.core.engine] INFO: Spider closed (finished)
2021-09-23 23:17:26 [scrapy.utils.log] INFO: Scrapy 2.5.0 started (bot: readbook)
2021-09-23 23:17:26 [scrapy.utils.log] INFO: Versions: lxml 4.4.2.0, libxml2 2.9.5, cssselect 1.1.0, parsel 1.5.2, w3lib 1.21.0, Twisted 21.7.0, Python 3.7.5 (tags/v3.7.5:5c02a39a0b, Oct 15 2019, 00:11:34) [MSC v.1916 64 bit (AMD64)], pyOpenSSL 20.0.1 (OpenSSL 1.1.1l  24 Aug 2021), cryptography 3.4.8, Platform Windows-10-10.0.17763-SP0
2021-09-23 23:17:26 [scrapy.crawler] INFO: Overridden settings:
{'BOT_NAME': 'readbook',
 'LOG_FILE': 'logo.log',
 'LOG_LEVEL': 'INFO',
 'NEWSPIDER_MODULE': 'readbook.spiders',
 'ROBOTSTXT_OBEY': True,
 'SPIDER_MODULES': ['readbook.spiders']}
2021-09-23 23:17:26 [scrapy.extensions.telnet] INFO: Telnet Password: d3fdc60871678e38
2021-09-23 23:17:26 [scrapy.middleware] INFO: Enabled extensions:
['scrapy.extensions.corestats.CoreStats',
 'scrapy.extensions.telnet.TelnetConsole',
 'scrapy.extensions.logstats.LogStats']
2021-09-23 23:17:26 [scrapy.middleware] INFO: Enabled downloader middlewares:
['scrapy.downloadermiddlewares.robotstxt.RobotsTxtMiddleware',
 'scrapy.downloadermiddlewares.httpauth.HttpAuthMiddleware',
 'scrapy.downloadermiddlewares.downloadtimeout.DownloadTimeoutMiddleware',
 'scrapy.downloadermiddlewares.defaultheaders.DefaultHeadersMiddleware',
 'scrapy.downloadermiddlewares.useragent.UserAgentMiddleware',
 'scrapy.downloadermiddlewares.retry.RetryMiddleware',
 'scrapy.downloadermiddlewares.redirect.MetaRefreshMiddleware',
 'scrapy.downloadermiddlewares.httpcompression.HttpCompressionMiddleware',
 'scrapy.downloadermiddlewares.redirect.RedirectMiddleware',
 'scrapy.downloadermiddlewares.cookies.CookiesMiddleware',
 'scrapy.downloadermiddlewares.httpproxy.HttpProxyMiddleware',
 'scrapy.downloadermiddlewares.stats.DownloaderStats']
2021-09-23 23:17:26 [scrapy.middleware] INFO: Enabled spider middlewares:
['scrapy.spidermiddlewares.httperror.HttpErrorMiddleware',
 'scrapy.spidermiddlewares.offsite.OffsiteMiddleware',
 'scrapy.spidermiddlewares.referer.RefererMiddleware',
 'scrapy.spidermiddlewares.urllength.UrlLengthMiddleware',
 'scrapy.spidermiddlewares.depth.DepthMiddleware']
2021-09-23 23:17:26 [scrapy.middleware] INFO: Enabled item pipelines:
['readbook.pipelines.ReadbookPipeline', 'readbook.pipelines.MysqlPipeline']
2021-09-23 23:17:26 [scrapy.core.engine] INFO: Spider opened
2021-09-23 23:17:26 [scrapy.extensions.logstats] INFO: Crawled 0 pages (at 0 pages/min), scraped 0 items (at 0 items/min)
2021-09-23 23:17:26 [scrapy.extensions.telnet] INFO: Telnet console listening on 127.0.0.1:6023
2021-09-23 23:17:29 [scrapy.core.engine] INFO: Closing spider (finished)
2021-09-23 23:17:29 [scrapy.statscollectors] INFO: Dumping Scrapy stats:
{'downloader/request_bytes': 4070,
 'downloader/request_count': 15,
 'downloader/request_method_count/GET': 15,
 'downloader/response_bytes': 194589,
 'downloader/response_count': 15,
 'downloader/response_status_count/200': 15,
 'elapsed_time_seconds': 2.454822,
 'finish_reason': 'finished',
 'finish_time': datetime.datetime(2021, 9, 23, 15, 17, 29, 343552),
 'httpcompression/response_bytes': 707146,
 'httpcompression/response_count': 15,
 'item_scraped_count': 520,
 'log_count/INFO': 10,
 'request_depth_max': 1,
 'response_received_count': 15,
 'robotstxt/request_count': 1,
 'robotstxt/response_count': 1,
 'robotstxt/response_status_count/200': 1,
 'scheduler/dequeued': 14,
 'scheduler/dequeued/memory': 14,
 'scheduler/enqueued': 14,
 'scheduler/enqueued/memory': 14,
 'start_time': datetime.datetime(2021, 9, 23, 15, 17, 26, 888730)}
2021-09-23 23:17:29 [scrapy.core.engine] INFO: Spider closed (finished)
2021-09-23 23:17:30 [scrapy.crawler] INFO: Received SIGINT, shutting down gracefully. Send again to force 
2021-09-23 23:29:31 [scrapy.utils.log] INFO: Scrapy 2.5.0 started (bot: readbook)
2021-09-23 23:29:31 [scrapy.utils.log] INFO: Versions: lxml 4.4.2.0, libxml2 2.9.5, cssselect 1.1.0, parsel 1.5.2, w3lib 1.21.0, Twisted 21.7.0, Python 3.7.5 (tags/v3.7.5:5c02a39a0b, Oct 15 2019, 00:11:34) [MSC v.1916 64 bit (AMD64)], pyOpenSSL 20.0.1 (OpenSSL 1.1.1l  24 Aug 2021), cryptography 3.4.8, Platform Windows-10-10.0.17763-SP0
